  main.cpp
c:\users\charlie\desktop\dokumenty\programowanie\visual_studio_2017\arkanoid\arkanoid\main.cpp(97): warning C4018: "<": niezgodność typu ze znakiem/bez znaku
c:\users\charlie\desktop\dokumenty\programowanie\visual_studio_2017\arkanoid\arkanoid\main.cpp(99): warning C4018: "<": niezgodność typu ze znakiem/bez znaku
c:\program files (x86)\microsoft visual studio\2017\community\vc\tools\msvc\14.13.26128\include\xmemory0(919): warning C4244: "argument": konwersja z "unsigned int" do "float", możliwa utrata danych
  c:\program files (x86)\microsoft visual studio\2017\community\vc\tools\msvc\14.13.26128\include\vector(947): note: zobacz odwołanie do funkcji szablon; wystąpienie „void std::_Default_allocator_traits<_Alloc>::construct<_Ty,unsigned int,unsigned int,unsigned int&,unsigned int&>(_Alloc &,_Objty *const ,unsigned int &&,unsigned int &&,unsigned int &,unsigned int &)” jest kompilowane
          with
          [
              _Alloc=std::allocator<Block>,
              _Ty=Block,
              _Objty=Block
          ]
  c:\program files (x86)\microsoft visual studio\2017\community\vc\tools\msvc\14.13.26128\include\vector(968): note: zobacz odwołanie do funkcji szablon; wystąpienie „void std::_Default_allocator_traits<_Alloc>::construct<_Ty,unsigned int,unsigned int,unsigned int&,unsigned int&>(_Alloc &,_Objty *const ,unsigned int &&,unsigned int &&,unsigned int &,unsigned int &)” jest kompilowane
          with
          [
              _Alloc=std::allocator<Block>,
              _Ty=Block,
              _Objty=Block
          ]
  c:\users\charlie\desktop\dokumenty\programowanie\visual_studio_2017\arkanoid\arkanoid\main.cpp(101): note: zobacz odwołanie do funkcji szablon; wystąpienie „void std::vector<Block,std::allocator<_Ty>>::emplace_back<unsigned int,unsigned int,unsigned int&,unsigned int&>(unsigned int &&,unsigned int &&,unsigned int &,unsigned int &)” jest kompilowane
          with
          [
              _Ty=Block
          ]
c:\users\charlie\desktop\dokumenty\programowanie\visual_studio_2017\arkanoid\arkanoid\main.cpp(41): warning C4715: "colisionTest”: niewszystkie ścieżki kodu zwracają wartość
c:\users\charlie\desktop\dokumenty\programowanie\visual_studio_2017\arkanoid\arkanoid\main.cpp(70): warning C4715: "colisionTest”: niewszystkie ścieżki kodu zwracają wartość
  ARKANOID.vcxproj -> C:\Users\Charlie\Desktop\DOKUMENTY\Programowanie\VISUAL_STUDIO_2017\ARKANOID\Debug\ARKANOID.exe
